<?xml version="1.0" encoding="UTF-8"?>
<!-- Generated by org.testng.reporters.JUnitXMLReporter -->
<testsuite ignored="0" hostname="DESKTOP-HN9J744" failures="0" tests="3" name="Default test" time="13.268" errors="0" timestamp="2023-10-24T13:01:06 EET">
  <testcase classname="swaplab.homelab" name="LoginWithPerformanceUser" time="7.396"/>
  <testcase classname="swaplab.homelab" name="LoginWithProblemUser" time="2.285"/>
  <testcase classname="swaplab.homelab" name="LoginWithStandardUSer" time="2.258"/>
</testsuite> <!-- Default test -->
