<?xml version="1.0" encoding="UTF-8"?>
<testng-results ignored="0" total="3" passed="3" failed="0" skipped="0">
  <reporter-output>
  </reporter-output>
  <suite started-at="2023-10-24T13:00:52 EET" name="Default suite" finished-at="2023-10-24T13:01:05 EET" duration-ms="13268">
    <groups>
    </groups>
    <test started-at="2023-10-24T13:00:52 EET" name="Default test" finished-at="2023-10-24T13:01:05 EET" duration-ms="13268">
      <class name="swaplab.homelab">
        <test-method is-config="true" signature="mySetup()[pri:0, instance:swaplab.homelab@263f04ca]" started-at="2023-10-24T13:00:52 EET" name="mySetup" finished-at="2023-10-24T13:00:53 EET" duration-ms="1069" status="PASS">
          <reporter-output>
          </reporter-output>
        </test-method> <!-- mySetup -->
        <test-method signature="LoginWithPerformanceUser()[pri:0, instance:swaplab.homelab@263f04ca]" started-at="2023-10-24T13:00:53 EET" name="LoginWithPerformanceUser" finished-at="2023-10-24T13:01:01 EET" duration-ms="7396" status="PASS">
          <reporter-output>
          </reporter-output>
        </test-method> <!-- LoginWithPerformanceUser -->
        <test-method is-config="true" signature="mySetup()[pri:0, instance:swaplab.homelab@263f04ca]" started-at="2023-10-24T13:01:01 EET" name="mySetup" finished-at="2023-10-24T13:01:01 EET" duration-ms="130" status="PASS">
          <reporter-output>
          </reporter-output>
        </test-method> <!-- mySetup -->
        <test-method signature="LoginWithProblemUser()[pri:0, instance:swaplab.homelab@263f04ca]" started-at="2023-10-24T13:01:01 EET" name="LoginWithProblemUser" finished-at="2023-10-24T13:01:03 EET" duration-ms="2285" status="PASS">
          <reporter-output>
          </reporter-output>
        </test-method> <!-- LoginWithProblemUser -->
        <test-method is-config="true" signature="mySetup()[pri:0, instance:swaplab.homelab@263f04ca]" started-at="2023-10-24T13:01:03 EET" name="mySetup" finished-at="2023-10-24T13:01:03 EET" duration-ms="81" status="PASS">
          <reporter-output>
          </reporter-output>
        </test-method> <!-- mySetup -->
        <test-method signature="LoginWithStandardUSer()[pri:0, instance:swaplab.homelab@263f04ca]" started-at="2023-10-24T13:01:03 EET" name="LoginWithStandardUSer" finished-at="2023-10-24T13:01:05 EET" duration-ms="2258" status="PASS">
          <reporter-output>
          </reporter-output>
        </test-method> <!-- LoginWithStandardUSer -->
        <test-method is-config="true" signature="myPostTest()[pri:0, instance:swaplab.homelab@263f04ca]" started-at="2023-10-24T13:01:05 EET" name="myPostTest" finished-at="2023-10-24T13:01:05 EET" duration-ms="0" status="PASS">
          <reporter-output>
          </reporter-output>
        </test-method> <!-- myPostTest -->
      </class> <!-- swaplab.homelab -->
    </test> <!-- Default test -->
  </suite> <!-- Default suite -->
</testng-results>
